app/build/outputs/logs/manifest-merger-debug-report.txt
-- Merging decision tree log ---
manifest
ADDED from src\main\AndroidManifest.xml:1:1-59:12
	package
		ADDED from src\main\AndroidManifest.xml:2:5-40
		INJECTED from src\main\AndroidManifest.xml
		INJECTED from src\main\AndroidManifest.xml
	android:versionName
		ADDED from src\main\AndroidManifest.xml:4:5-30
		INJECTED from src\main\AndroidManifest.xml
		INJECTED from src\main\AndroidManifest.xml
	android:versionCode
		ADDED from src\main\AndroidManifest.xml:3:5-28
		INJECTED from src\main\AndroidManifest.xml
		INJECTED from src\main\AndroidManifest.xml
	xmlns:android
		ADDED from src\main\AndroidManifest.xml:1:11-69
uses-sdk
ADDED from src\main\AndroidManifest.xml:6:5-8:41
MERGED from [com.android.support:support-v4:24.2.0] AndroidManifest.xml:21:5-23:54
MERGED from [com.android.support:support-compat:24.2.0] AndroidManifest.xml:21:5-23:58
MERGED from [com.android.support:support-core-utils:24.2.0] AndroidManifest.xml:21:5-23:61
MERGED from [com.android.support:support-media-compat:24.2.0] AndroidManifest.xml:21:5-23:63
MERGED from [com.android.support:support-core-ui:24.2.0] AndroidManifest.xml:21:5-23:58
MERGED from [com.android.support:support-fragment:24.2.0] AndroidManifest.xml:21:5-23:60
	tools:overrideLibrary
		ADDED from [com.android.support:support-v4:24.2.0] AndroidManifest.xml:23:9-51
	android:targetSdkVersion
		ADDED from src\main\AndroidManifest.xml:8:9-38
		INJECTED from src\main\AndroidManifest.xml
		INJECTED from src\main\AndroidManifest.xml
	android:minSdkVersion
		ADDED from src\main\AndroidManifest.xml:7:9-35
		INJECTED from src\main\AndroidManifest.xml
		INJECTED from src\main\AndroidManifest.xml
uses-permission#android.permission.INTERNET
ADDED from src\main\AndroidManifest.xml:10:5-67
	android:name
		ADDED from src\main\AndroidManifest.xml:10:22-64
uses-permission#android.permission.ACCESS_WIFI_STATE
ADDED from src\main\AndroidManifest.xml:11:5-76
	android:name
		ADDED from src\main\AndroidManifest.xml:11:22-73
uses-permission#android.permission.ACCESS_NETWORK_STATE
ADDED from src\main\AndroidManifest.xml:12:5-79
	android:name
		ADDED from src\main\AndroidManifest.xml:12:22-76
uses-permission#android.permission.WRITE_EXTERNAL_STORAGE
ADDED from src\main\AndroidManifest.xml:14:5-81
	android:name
		ADDED from src\main\AndroidManifest.xml:14:22-78
uses-permission#android.permission.READ_PHONE_STATE
ADDED from src\main\AndroidManifest.xml:15:5-75
	android:name
		ADDED from src\main\AndroidManifest.xml:15:22-72
uses-permission#android.permission.READ_EXTERNAL_STORAGE
ADDED from src\main\AndroidManifest.xml:16:5-80
	android:name
		ADDED from src\main\AndroidManifest.xml:16:22-77
application
ADDED from src\main\AndroidManifest.xml:18:5-57:19
MERGED from [com.android.support:support-v4:24.2.0] AndroidManifest.xml:25:5-20
MERGED from [com.android.support:support-compat:24.2.0] AndroidManifest.xml:25:5-20
MERGED from [com.android.support:support-core-utils:24.2.0] AndroidManifest.xml:25:5-20
MERGED from [com.android.support:support-media-compat:24.2.0] AndroidManifest.xml:25:5-20
MERGED from [com.android.support:support-core-ui:24.2.0] AndroidManifest.xml:25:5-20
MERGED from [com.android.support:support-fragment:24.2.0] AndroidManifest.xml:25:5-20
	android:label
		ADDED from src\main\AndroidManifest.xml:21:9-41
	android:allowBackup
		ADDED from src\main\AndroidManifest.xml:19:9-35
	android:icon
		ADDED from src\main\AndroidManifest.xml:20:9-45
	android:theme
		ADDED from src\main\AndroidManifest.xml:22:9-40
activity#de.tum.nst.pushbotcontrol.MainActivity
ADDED from src\main\AndroidManifest.xml:23:9-31:20
	android:label
		ADDED from src\main\AndroidManifest.xml:25:13-45
	android:name
		ADDED from src\main\AndroidManifest.xml:24:13-41
intent-filter#android.intent.action.MAIN+android.intent.category.LAUNCHER
ADDED from src\main\AndroidManifest.xml:26:13-30:29
action#android.intent.action.MAIN
ADDED from src\main\AndroidManifest.xml:27:17-69
	android:name
		ADDED from src\main\AndroidManifest.xml:27:25-66
category#android.intent.category.LAUNCHER
ADDED from src\main\AndroidManifest.xml:29:17-77
	android:name
		ADDED from src\main\AndroidManifest.xml:29:27-74
activity#de.tum.nst.pushbotcontrol.BotActivity
ADDED from src\main\AndroidManifest.xml:32:9-34:67
	android:label
		ADDED from src\main\AndroidManifest.xml:34:13-55
	android:name
		ADDED from src\main\AndroidManifest.xml:33:13-40
activity#de.tum.nst.pushbotcontrol.ActivityAccelerometre
ADDED from src\main\AndroidManifest.xml:35:9-37:77
	android:label
		ADDED from src\main\AndroidManifest.xml:37:13-65
	android:name
		ADDED from src\main\AndroidManifest.xml:36:13-50
activity#de.tum.nst.pushbotcontrol.ActivityBoutton
ADDED from src\main\AndroidManifest.xml:38:9-40:80
	android:label
		ADDED from src\main\AndroidManifest.xml:40:13-68
	android:name
		ADDED from src\main\AndroidManifest.xml:39:13-44
activity#de.tum.nst.pushbotcontrol.ActivityButtons
ADDED from src\main\AndroidManifest.xml:41:9-43:80
	android:label
		ADDED from src\main\AndroidManifest.xml:43:13-68
	android:name
		ADDED from src\main\AndroidManifest.xml:42:13-44
activity#de.tum.nst.pushbotcontrol.ActivityTouch
ADDED from src\main\AndroidManifest.xml:44:9-46:78
	android:label
		ADDED from src\main\AndroidManifest.xml:46:13-66
	android:name
		ADDED from src\main\AndroidManifest.xml:45:13-42
activity#de.tum.nst.pushbotcontrol.IPActivity
ADDED from src\main\AndroidManifest.xml:47:9-49:66
	android:label
		ADDED from src\main\AndroidManifest.xml:49:13-54
	android:name
		ADDED from src\main\AndroidManifest.xml:48:13-39
activity#de.tum.nst.pushbotcontrol.ActivityBotOptions
ADDED from src\main\AndroidManifest.xml:50:9-52:74
	android:label
		ADDED from src\main\AndroidManifest.xml:52:13-62
	android:name
		ADDED from src\main\AndroidManifest.xml:51:13-47
activity#de.tum.nst.pushbotcontrol.ActivityVideo
ADDED from src\main\AndroidManifest.xml:53:9-55:74
	android:label
		ADDED from src\main\AndroidManifest.xml:55:13-62
	android:name
		ADDED from src\main\AndroidManifest.xml:54:13-42